<?xml version="1.0" encoding="UTF-8"?>
<!-- Generated by org.testng.reporters.JUnitXMLReporter -->
<testsuite ignored="0" hostname="LAPTOP-SJFN42LM" failures="0" tests="3" name="Default test" time="26.588" errors="0" timestamp="2025-06-25T15:00:16 IST">
  <testcase classname="EditProfile.PropertyManagerProfile" name="login" time="6.582"/>
  <testcase classname="EditProfile.PropertyManagerProfile" name="HumburgerMenu" time="10.357"/>
  <testcase classname="EditProfile.PropertyManagerProfile" name="EditProfile" time="9.584"/>
</testsuite> <!-- Default test -->
